<?xml version="1.0" encoding="utf-8"?><testsuites name="pytest tests"><testsuite name="pytest" errors="0" failures="0" skipped="0" tests="13" time="6.813" timestamp="2026-03-14T21:01:01.457910+00:00" hostname="agent-env-356571e6-fa4c-4bca-b9c9-350a7ae931f5"><testcase classname="backend.tests.test_user_library.TestUserLibraryFeature" name="test_get_user_library_returns_assets_grouped_by_category" time="0.547" /><testcase classname="backend.tests.test_user_library.TestUserLibraryFeature" name="test_get_user_library_filter_by_category_image" time="0.452" /><testcase classname="backend.tests.test_user_library.TestUserLibraryFeature" name="test_get_user_library_filter_by_category_voice" time="0.451" /><testcase classname="backend.tests.test_user_library.TestUserLibraryFeature" name="test_get_user_library_filter_by_category_video" time="0.467" /><testcase classname="backend.tests.test_user_library.TestUserLibraryFeature" name="test_get_user_library_filter_by_category_audio" time="0.472" /><testcase classname="backend.tests.test_user_library.TestUserLibraryFeature" name="test_delete_nonexistent_asset_returns_404" time="0.468" /><testcase classname="backend.tests.test_user_library.TestUserLibraryFeature" name="test_get_user_stats_returns_counts_per_type" time="0.442" /><testcase classname="backend.tests.test_user_library.TestUserLibraryFeature" name="test_upload_with_auth_saves_to_library" time="0.862" /><testcase classname="backend.tests.test_user_library.TestUserLibraryFeature" name="test_delete_asset_removes_from_library" time="0.714" /><testcase classname="backend.tests.test_user_library.TestUserLibraryFeature" name="test_library_requires_authentication" time="0.486" /><testcase classname="backend.tests.test_user_library.TestUserLibraryFeature" name="test_delete_requires_authentication" time="0.456" /><testcase classname="backend.tests.test_user_library.TestUserLibraryFeature" name="test_stats_requires_authentication" time="0.475" /><testcase classname="backend.tests.test_user_library.TestUserLibraryFeature" name="test_library_assets_have_required_fields" time="0.448" /></testsuite></testsuites>