<?xml version="1.0" encoding="utf-8"?><testsuites name="pytest tests"><testsuite name="pytest" errors="0" failures="0" skipped="0" tests="7" time="46.347" timestamp="2026-03-17T08:09:55.231209+00:00" hostname="agent-env-dca7cfc8-f5d1-4ade-bcf5-b96118e2a297"><testcase classname="backend.tests.test_business_analysis.TestBusinessAnalysisAPI" name="test_api_health" time="0.240" /><testcase classname="backend.tests.test_business_analysis.TestBusinessAnalysisAPI" name="test_analyze_business_with_description_only" time="10.855" /><testcase classname="backend.tests.test_business_analysis.TestBusinessAnalysisAPI" name="test_analyze_business_with_url_only" time="7.648" /><testcase classname="backend.tests.test_business_analysis.TestBusinessAnalysisAPI" name="test_analyze_business_no_input_fails" time="0.123" /><testcase classname="backend.tests.test_business_analysis.TestBusinessAnalysisAPI" name="test_analyze_business_suggested_video_category_ids" time="10.454" /><testcase classname="backend.tests.test_business_analysis.TestScriptGenerationForBusinessCategories" name="test_restructure_script_with_business_category" time="16.562" /><testcase classname="backend.tests.test_business_analysis.TestAuthAndUserFlow" name="test_login" time="0.412" /></testsuite></testsuites>