<?xml version="1.0" encoding="utf-8"?><testsuites name="pytest tests"><testsuite name="pytest" errors="0" failures="0" skipped="0" tests="13" time="14.034" timestamp="2026-03-14T21:14:45.373646+00:00" hostname="agent-env-356571e6-fa4c-4bca-b9c9-350a7ae931f5"><testcase classname="tests.test_editor_chat.TestEditorChatEndpoint" name="test_chat_endpoint_exists_and_accepts_post" time="2.543" /><testcase classname="tests.test_editor_chat.TestEditorChatEndpoint" name="test_chat_returns_reply_and_actions" time="1.129" /><testcase classname="tests.test_editor_chat.TestEditorChatEndpoint" name="test_chat_change_slide_transition" time="1.075" /><testcase classname="tests.test_editor_chat.TestEditorChatEndpoint" name="test_chat_batch_update_all_durations" time="0.717" /><testcase classname="tests.test_editor_chat.TestEditorChatEndpoint" name="test_chat_add_title_card" time="1.548" /><testcase classname="tests.test_editor_chat.TestEditorChatEndpoint" name="test_chat_delete_slide" time="0.986" /><testcase classname="tests.test_editor_chat.TestEditorChatEndpoint" name="test_chat_general_question_info_action" time="0.827" /><testcase classname="tests.test_editor_chat.TestEditorChatEndpoint" name="test_chat_missing_message_field" time="0.915" /><testcase classname="tests.test_editor_chat.TestEditorChatEndpoint" name="test_chat_empty_project_context" time="0.653" /><testcase classname="tests.test_editor_chat.TestEditorChatEndpoint" name="test_chat_response_time" time="1.078" /><testcase classname="tests.test_editor_chat.TestEditorChatActionTypes" name="test_set_caption_style_action" time="1.012" /><testcase classname="tests.test_editor_chat.TestEditorChatActionTypes" name="test_open_tab_action" time="0.623" /><testcase classname="tests.test_editor_chat.TestEditorChatActionTypes" name="test_generate_images_action" time="0.860" /></testsuite></testsuites>