<?xml version="1.0" encoding="utf-8"?><testsuites name="pytest tests"><testsuite name="pytest" errors="0" failures="0" skipped="0" tests="10" time="71.600" timestamp="2026-03-24T18:34:05.952167+00:00" hostname="agent-env-dca7cfc8-f5d1-4ade-bcf5-b96118e2a297"><testcase classname="backend.tests.test_video_character_features.TestCharacterUpload" name="test_upload_character_success" time="0.214" /><testcase classname="backend.tests.test_video_character_features.TestCharacterUpload" name="test_upload_character_default_name" time="0.134" /><testcase classname="backend.tests.test_video_character_features.TestCharacterUpload" name="test_upload_character_no_file_fails" time="0.124" /><testcase classname="backend.tests.test_video_character_features.TestVideoGeneration" name="test_generate_video_returns_frames" time="22.984" /><testcase classname="backend.tests.test_video_character_features.TestVideoGeneration" name="test_generate_video_with_characters" time="17.503" /><testcase classname="backend.tests.test_video_character_features.TestVideoGeneration" name="test_generate_video_without_auth" time="16.062" /><testcase classname="backend.tests.test_video_character_features.TestImageGeneration" name="test_generate_image_with_style" time="7.426" /><testcase classname="backend.tests.test_video_character_features.TestImageGeneration" name="test_generate_image_with_characters" time="6.322" /><testcase classname="backend.tests.test_video_character_features.TestUploadedAssetAccess" name="test_uploaded_character_accessible" time="0.264" /><testcase classname="backend.tests.test_video_character_features.TestRemotionDurationFix" name="test_render_with_float_duration" time="0.496" /></testsuite></testsuites>