<?xml version="1.0" encoding="utf-8"?><testsuites name="pytest tests"><testsuite name="pytest" errors="0" failures="0" skipped="0" tests="10" time="2.124" timestamp="2026-03-17T08:22:22.528888+00:00" hostname="agent-env-dca7cfc8-f5d1-4ade-bcf5-b96118e2a297"><testcase classname="backend.tests.test_export_and_category.TestExportEndpoints" name="test_pdf_export_success" time="0.414" /><testcase classname="backend.tests.test_export_and_category.TestExportEndpoints" name="test_html_export_success" time="0.229" /><testcase classname="backend.tests.test_export_and_category.TestExportEndpoints" name="test_pdf_export_empty_slides_still_works" time="0.106" /><testcase classname="backend.tests.test_export_and_category.TestExportEndpoints" name="test_html_export_empty_slides_still_works" time="0.098" /><testcase classname="backend.tests.test_export_and_category.TestCoreApiEndpoints" name="test_root_endpoint" time="0.121" /><testcase classname="backend.tests.test_export_and_category.TestCoreApiEndpoints" name="test_projects_endpoint" time="0.117" /><testcase classname="backend.tests.test_export_and_category.TestCoreApiEndpoints" name="test_music_library_endpoint" time="0.099" /><testcase classname="backend.tests.test_export_and_category.TestCoreApiEndpoints" name="test_sfx_library_endpoint" time="0.100" /><testcase classname="backend.tests.test_export_and_category.TestAuthEndpoints" name="test_login_success" time="0.676" /><testcase classname="backend.tests.test_export_and_category.TestAuthEndpoints" name="test_login_invalid_credentials" time="0.094" /></testsuite></testsuites>