<?xml version="1.0" encoding="utf-8"?><testsuites name="pytest tests"><testsuite name="pytest" errors="0" failures="0" skipped="0" tests="10" time="19.683" timestamp="2026-03-14T11:49:32.474140+00:00" hostname="agent-env-7f4427fd-b8d1-4dd8-a367-2882bb6b70c0"><testcase classname="backend.tests.test_bgm_render.TestBGMUpload" name="test_upload_audio_file" time="0.125" /><testcase classname="backend.tests.test_bgm_render.TestBGMUpload" name="test_uploaded_audio_accessible" time="0.249" /><testcase classname="backend.tests.test_bgm_render.TestRenderWithBGM" name="test_render_request_accepts_bgm_params" time="0.206" /><testcase classname="backend.tests.test_bgm_render.TestRenderWithBGM" name="test_render_bgm_only_no_voice" time="4.245" /><testcase classname="backend.tests.test_bgm_render.TestRenderWithBGM" name="test_render_bgm_plus_voice" time="3.165" /><testcase classname="backend.tests.test_bgm_render.TestRenderWithBGM" name="test_render_without_bgm_no_regression" time="1.928" /><testcase classname="backend.tests.test_bgm_render.TestRenderWithBGM" name="test_bgm_volume_control" time="2.201" /><testcase classname="backend.tests.test_bgm_render.TestRenderWithBGM" name="test_render_multiple_slides_with_bgm" time="6.222" /><testcase classname="backend.tests.test_bgm_render.TestRenderStatusPolling" name="test_render_status_reports_progress" time="1.190" /><testcase classname="backend.tests.test_bgm_render.TestRenderStatusPolling" name="test_invalid_job_id_returns_404" time="0.098" /></testsuite></testsuites>