<?xml version="1.0" encoding="utf-8"?><testsuites name="pytest tests"><testsuite name="pytest" errors="0" failures="0" skipped="0" tests="11" time="5.045" timestamp="2026-03-14T22:33:37.028714+00:00" hostname="agent-env-2ff8afe4-9af6-40cf-b8bf-8693b2ab5042"><testcase classname="backend.tests.test_timeline_autosync.TestAutoSyncEndpoint" name="test_auto_sync_basic_slides" time="0.746" /><testcase classname="backend.tests.test_timeline_autosync.TestAutoSyncEndpoint" name="test_auto_sync_with_voice_generation" time="2.105" /><testcase classname="backend.tests.test_timeline_autosync.TestAutoSyncEndpoint" name="test_auto_sync_summary_fields" time="0.524" /><testcase classname="backend.tests.test_timeline_autosync.TestAutoSyncEndpoint" name="test_auto_sync_with_bgm" time="0.536" /><testcase classname="backend.tests.test_timeline_autosync.TestAutoSyncEndpoint" name="test_auto_sync_without_auth" time="0.138" /><testcase classname="backend.tests.test_timeline_autosync.TestAudioDurationEndpoint" name="test_audio_duration_invalid_url" time="0.145" /><testcase classname="backend.tests.test_timeline_autosync.TestAudioDurationEndpoint" name="test_audio_duration_empty_url" time="0.165" /><testcase classname="backend.tests.test_timeline_autosync.TestAudioDurationEndpoint" name="test_audio_duration_music_library" time="0.235" /><testcase classname="backend.tests.test_timeline_autosync.TestHealthAndStatus" name="test_api_root" time="0.127" /><testcase classname="backend.tests.test_timeline_autosync.TestHealthAndStatus" name="test_music_library" time="0.138" /><testcase classname="backend.tests.test_timeline_autosync.TestHealthAndStatus" name="test_sfx_library" time="0.125" /></testsuite></testsuites>