<?xml version="1.0" encoding="utf-8"?><testsuites name="pytest tests"><testsuite name="pytest" errors="0" failures="0" skipped="0" tests="16" time="67.998" timestamp="2026-03-14T05:59:08.951315+00:00" hostname="agent-env-7f4427fd-b8d1-4dd8-a367-2882bb6b70c0"><testcase classname="backend.tests.test_render_captions.TestHealthCheck" name="test_api_root" time="0.206" /><testcase classname="backend.tests.test_render_captions.TestAuthentication" name="test_login_with_test_credentials" time="0.106" /><testcase classname="backend.tests.test_render_captions.TestAuthentication" name="test_register_test_user" time="0.404" /><testcase classname="backend.tests.test_render_captions.TestRenderWithCaptions" name="test_render_with_bold_pop_caption" time="0.126" /><testcase classname="backend.tests.test_render_captions.TestRenderWithCaptions" name="test_render_with_netflix_caption" time="7.398" /><testcase classname="backend.tests.test_render_captions.TestRenderWithCaptions" name="test_render_with_minimal_caption" time="7.370" /><testcase classname="backend.tests.test_render_captions.TestRenderWithCaptions" name="test_render_with_tiktok_caption" time="7.412" /><testcase classname="backend.tests.test_render_captions.TestRenderWithCaptions" name="test_render_with_neon_caption" time="7.301" /><testcase classname="backend.tests.test_render_captions.TestRenderWithCaptions" name="test_render_with_glass_caption" time="7.384" /><testcase classname="backend.tests.test_render_captions.TestRenderWithCaptions" name="test_render_without_caption" time="7.311" /><testcase classname="backend.tests.test_render_captions.TestRenderWithCaptions" name="test_render_status_polling" time="14.699" /><testcase classname="backend.tests.test_render_captions.TestRenderWithCaptions" name="test_render_invalid_job_id" time="0.153" /><testcase classname="backend.tests.test_render_captions.TestRenderComplete" name="test_full_render_with_caption_completion" time="7.680" /><testcase classname="backend.tests.test_render_captions.TestOtherEndpoints" name="test_projects_endpoint" time="0.101" /><testcase classname="backend.tests.test_render_captions.TestOtherEndpoints" name="test_search_assets_endpoint" time="0.112" /><testcase classname="backend.tests.test_render_captions.TestOtherEndpoints" name="test_search_audio_endpoint" time="0.124" /></testsuite></testsuites>