<?xml version="1.0" encoding="utf-8"?><testsuites name="pytest tests"><testsuite name="pytest" errors="0" failures="0" skipped="0" tests="6" time="9.794" timestamp="2026-03-15T07:07:10.587150+00:00" hostname="agent-env-0aa4e2d3-51b1-45f1-bffa-0ece0145aae9"><testcase classname="tests.test_sfx_captions_title.TestMusicAndSFXLibrary" name="test_get_music_library" time="3.866" /><testcase classname="tests.test_sfx_captions_title.TestMusicAndSFXLibrary" name="test_get_sfx_library" time="0.496" /><testcase classname="tests.test_sfx_captions_title.TestRenderEndpointWithCaptionParams" name="test_render_accepts_caption_params" time="0.473" /><testcase classname="tests.test_sfx_captions_title.TestRenderEndpointWithCaptionParams" name="test_render_with_default_caption_params" time="0.441" /><testcase classname="tests.test_sfx_captions_title.TestProjectSaveWithSFX" name="test_get_projects_returns_sfx_and_title_settings" time="3.486" /><testcase classname="tests.test_sfx_captions_title.TestVolumeSliderBackend" name="test_render_with_bgm_volume" time="0.502" /></testsuite></testsuites>