<?xml version="1.0" encoding="utf-8"?><testsuites name="pytest tests"><testsuite name="pytest" errors="0" failures="0" skipped="0" tests="11" time="19.637" timestamp="2026-03-14T06:31:53.589852+00:00" hostname="agent-env-7f4427fd-b8d1-4dd8-a367-2882bb6b70c0"><testcase classname="backend.tests.test_upload_render_fix.TestUploadEndpoint" name="test_upload_image_file" time="0.184" /><testcase classname="backend.tests.test_upload_render_fix.TestUploadEndpoint" name="test_upload_text_file" time="0.131" /><testcase classname="backend.tests.test_upload_render_fix.TestUploadEndpoint" name="test_uploaded_file_accessible" time="0.247" /><testcase classname="backend.tests.test_upload_render_fix.TestRenderWithImages" name="test_render_with_server_path_asseturl" time="4.984" /><testcase classname="backend.tests.test_upload_render_fix.TestRenderWithImages" name="test_render_with_full_url_asseturl" time="2.027" /><testcase classname="backend.tests.test_upload_render_fix.TestRenderWithImages" name="test_render_with_no_asseturl_uses_placeholder" time="1.924" /><testcase classname="backend.tests.test_upload_render_fix.TestRenderWithImages" name="test_render_multiple_slides_all_show" time="8.579" /><testcase classname="backend.tests.test_upload_render_fix.TestProjectSave" name="test_save_project" time="0.623" /><testcase classname="backend.tests.test_upload_render_fix.TestProjectSave" name="test_save_project_with_image_urls" time="0.130" /><testcase classname="backend.tests.test_upload_render_fix.TestExistingImagesAccessible" name="test_existing_images_accessible" time="0.624" /><testcase classname="backend.tests.test_upload_render_fix.TestURLNormalization" name="test_render_normalizes_full_https_url" time="0.117" /></testsuite></testsuites>